kotlin version: 2.0.0
error message: org.jetbrains.kotlin.backend.common.BackendException: Backend Internal error: Exception during IR lowering
File being compiled: C:/Users/fabri/AndroidStudioProjects/StreamTester/app/src/main/java/com/poc/streamtester/tv/TVActivity.kt
The root cause java.lang.RuntimeException was thrown at: org.jetbrains.kotlin.backend.jvm.codegen.FunctionCodegen.generate(FunctionCodegen.kt:50)
	at org.jetbrains.kotlin.backend.common.CodegenUtil.reportBackendException(CodegenUtil.kt:253)
	at org.jetbrains.kotlin.backend.common.CodegenUtil.reportBackendException$default(CodegenUtil.kt:236)
	at org.jetbrains.kotlin.backend.common.phaser.PerformByIrFilePhase.invokeSequential(performByIrFile.kt:65)
	at org.jetbrains.kotlin.backend.common.phaser.PerformByIrFilePhase.invoke(performByIrFile.kt:52)
	at org.jetbrains.kotlin.backend.common.phaser.PerformByIrFilePhase.invoke(performByIrFile.kt:38)
	at org.jetbrains.kotlin.backend.common.phaser.NamedCompilerPhase.phaseBody(CompilerPhase.kt:166)
	at org.jetbrains.kotlin.backend.common.phaser.AbstractNamedCompilerPhase.invoke(CompilerPhase.kt:113)
	at org.jetbrains.kotlin.backend.common.phaser.CompositePhase.invoke(PhaseBuilders.kt:29)
	at org.jetbrains.kotlin.backend.common.phaser.CompositePhase.invoke(PhaseBuilders.kt:16)
	at org.jetbrains.kotlin.backend.common.phaser.NamedCompilerPhase.phaseBody(CompilerPhase.kt:166)
	at org.jetbrains.kotlin.backend.common.phaser.AbstractNamedCompilerPhase.invoke(CompilerPhase.kt:113)
	at org.jetbrains.kotlin.backend.common.phaser.CompilerPhaseKt.invokeToplevel(CompilerPhase.kt:62)
	at org.jetbrains.kotlin.backend.jvm.JvmIrCodegenFactory.invokeCodegen(JvmIrCodegenFactory.kt:371)
	at org.jetbrains.kotlin.codegen.CodegenFactory.generateModule(CodegenFactory.kt:47)
	at org.jetbrains.kotlin.backend.jvm.JvmIrCodegenFactory.generateModuleInFrontendIRMode(JvmIrCodegenFactory.kt:433)
	at org.jetbrains.kotlin.cli.jvm.compiler.pipeline.JvmCompilerPipelineKt.generateCodeFromIr(jvmCompilerPipeline.kt:241)
	at org.jetbrains.kotlin.cli.jvm.compiler.pipeline.JvmCompilerPipelineKt.compileModulesUsingFrontendIrAndLightTree(jvmCompilerPipeline.kt:140)
	at org.jetbrains.kotlin.cli.jvm.K2JVMCompiler.doExecute(K2JVMCompiler.kt:155)
	at org.jetbrains.kotlin.cli.jvm.K2JVMCompiler.doExecute(K2JVMCompiler.kt:50)
	at org.jetbrains.kotlin.cli.common.CLICompiler.execImpl(CLICompiler.kt:104)
	at org.jetbrains.kotlin.cli.common.CLICompiler.execImpl(CLICompiler.kt:48)
	at org.jetbrains.kotlin.cli.common.CLITool.exec(CLITool.kt:101)
	at org.jetbrains.kotlin.incremental.IncrementalJvmCompilerRunner.runCompiler(IncrementalJvmCompilerRunner.kt:453)
	at org.jetbrains.kotlin.incremental.IncrementalJvmCompilerRunner.runCompiler(IncrementalJvmCompilerRunner.kt:62)
	at org.jetbrains.kotlin.incremental.IncrementalCompilerRunner.doCompile(IncrementalCompilerRunner.kt:506)
	at org.jetbrains.kotlin.incremental.IncrementalCompilerRunner.compileImpl(IncrementalCompilerRunner.kt:423)
	at org.jetbrains.kotlin.incremental.IncrementalCompilerRunner.compileNonIncrementally(IncrementalCompilerRunner.kt:301)
	at org.jetbrains.kotlin.incremental.IncrementalCompilerRunner.compile(IncrementalCompilerRunner.kt:129)
	at org.jetbrains.kotlin.daemon.CompileServiceImplBase.execIncrementalCompiler(CompileServiceImpl.kt:676)
	at org.jetbrains.kotlin.daemon.CompileServiceImplBase.access$execIncrementalCompiler(CompileServiceImpl.kt:92)
	at org.jetbrains.kotlin.daemon.CompileServiceImpl.compile(CompileServiceImpl.kt:1661)
	at java.base/jdk.internal.reflect.NativeMethodAccessorImpl.invoke0(Native Method)
	at java.base/jdk.internal.reflect.NativeMethodAccessorImpl.invoke(NativeMethodAccessorImpl.java:77)
	at java.base/jdk.internal.reflect.DelegatingMethodAccessorImpl.invoke(DelegatingMethodAccessorImpl.java:43)
	at java.base/java.lang.reflect.Method.invoke(Method.java:568)
	at java.rmi/sun.rmi.server.UnicastServerRef.dispatch(UnicastServerRef.java:360)
	at java.rmi/sun.rmi.transport.Transport$1.run(Transport.java:200)
	at java.rmi/sun.rmi.transport.Transport$1.run(Transport.java:197)
	at java.base/java.security.AccessController.doPrivileged(AccessController.java:712)
	at java.rmi/sun.rmi.transport.Transport.serviceCall(Transport.java:196)
	at java.rmi/sun.rmi.transport.tcp.TCPTransport.handleMessages(TCPTransport.java:587)
	at java.rmi/sun.rmi.transport.tcp.TCPTransport$ConnectionHandler.run0(TCPTransport.java:828)
	at java.rmi/sun.rmi.transport.tcp.TCPTransport$ConnectionHandler.lambda$run$0(TCPTransport.java:705)
	at java.base/java.security.AccessController.doPrivileged(AccessController.java:399)
	at java.rmi/sun.rmi.transport.tcp.TCPTransport$ConnectionHandler.run(TCPTransport.java:704)
	at java.base/java.util.concurrent.ThreadPoolExecutor.runWorker(ThreadPoolExecutor.java:1136)
	at java.base/java.util.concurrent.ThreadPoolExecutor$Worker.run(ThreadPoolExecutor.java:635)
	at java.base/java.lang.Thread.run(Thread.java:840)
Caused by: java.lang.RuntimeException: Exception while generating code for:
FUN LOCAL_FUNCTION_FOR_LAMBDA name:onCreate$lambda$1 visibility:private modality:FINAL <> (this$0:com.poc.streamtester.tv.TVActivity) returnType:kotlin.Unit?
  VALUE_PARAMETER BOUND_VALUE_PARAMETER name:this$0 index:0 type:com.poc.streamtester.tv.TVActivity
  BLOCK_BODY
    VAR name:messenger type:kotlinx.coroutines.flow.MutableSharedFlow<kotlin.String?> [val]
      CALL 'public final fun remember <T> (calculation: @[DisallowComposableCalls] kotlin.Function0<T of androidx.compose.runtime.ComposablesKt.remember>): T of androidx.compose.runtime.ComposablesKt.remember [inline] declared in androidx.compose.runtime.ComposablesKt' type=kotlinx.coroutines.flow.MutableSharedFlow<kotlin.String?> origin=null
        <T>: kotlinx.coroutines.flow.MutableSharedFlow<kotlin.String?>
        calculation: BLOCK type=kotlin.Function0<kotlinx.coroutines.flow.MutableSharedFlow<kotlin.String?>> origin=LAMBDA
          COMPOSITE type=kotlin.Unit origin=null
          FUNCTION_REFERENCE 'private final fun onCreate$lambda$1$lambda$0 (this$0: com.poc.streamtester.tv.TVActivity): kotlinx.coroutines.flow.MutableSharedFlow<kotlin.String?> declared in com.poc.streamtester.tv.TVActivity' type=kotlin.Function0<kotlinx.coroutines.flow.MutableSharedFlow<kotlin.String?>> origin=INLINE_LAMBDA reflectionTarget=null
            this$0: GET_VAR 'this$0: com.poc.streamtester.tv.TVActivity declared in com.poc.streamtester.tv.TVActivity.onCreate$lambda$1' type=com.poc.streamtester.tv.TVActivity origin=null
    VAR name:context type:android.content.Context [val]
      CALL 'public final fun <get-current> (): T of androidx.compose.runtime.CompositionLocal [inline] declared in androidx.compose.runtime.CompositionLocal' type=android.content.Context origin=GET_PROPERTY
        $this: TYPE_OP type=androidx.compose.runtime.CompositionLocal<T of androidx.compose.runtime.CompositionLocal> origin=IMPLICIT_CAST typeOperand=androidx.compose.runtime.CompositionLocal<T of androidx.compose.runtime.CompositionLocal>
          CALL 'public final fun <get-LocalContext> (): androidx.compose.runtime.ProvidableCompositionLocal<android.content.Context> declared in androidx.compose.ui.platform.AndroidCompositionLocals_androidKt' type=androidx.compose.runtime.ProvidableCompositionLocal<android.content.Context> origin=GET_PROPERTY
    CALL 'public final fun LaunchedEffect (key1: kotlin.Any?, block: @[ExtensionFunctionType] kotlin.coroutines.SuspendFunction1<kotlinx.coroutines.CoroutineScope, kotlin.Unit>): kotlin.Unit declared in androidx.compose.runtime.EffectsKt' type=kotlin.Unit origin=null
      key1: GET_FIELD 'FIELD FIELD_FOR_OBJECT_INSTANCE name:INSTANCE type:kotlin.Unit visibility:public [final,static]' type=kotlin.Unit origin=null
      block: BLOCK type=com.poc.streamtester.tv.TVActivity.onCreate$lambda$1.<no name provided> origin=null
        CLASS SUSPEND_LAMBDA CLASS name:<no name provided> modality:FINAL visibility:public/*package*/ superTypes:[kotlin.coroutines.jvm.internal.SuspendLambda; kotlin.jvm.functions.Function2<kotlinx.coroutines.CoroutineScope, kotlin.coroutines.Continuation<kotlin.Unit>?, kotlin.Any?>]
          $this: VALUE_PARAMETER INSTANCE_RECEIVER name:<this> type:com.poc.streamtester.tv.TVActivity.onCreate$lambda$1.<no name provided>
          FIELD name:label type:kotlin.Int visibility:public/*package*/
          CONSTRUCTOR SUSPEND_LAMBDA visibility:public/*package*/ <> ($messenger:kotlinx.coroutines.flow.MutableSharedFlow<kotlin.String?>, this$0:com.poc.streamtester.tv.TVActivity, $context:android.content.Context, $completion:kotlin.coroutines.Continuation<com.poc.streamtester.tv.TVActivity.onCreate$lambda$1.<no name provided>>?) returnType:com.poc.streamtester.tv.TVActivity.onCreate$lambda$1.<no name provided> [primary]
            VALUE_PARAMETER BOUND_VALUE_PARAMETER name:$messenger index:0 type:kotlinx.coroutines.flow.MutableSharedFlow<kotlin.String?>
            VALUE_PARAMETER BOUND_RECEIVER_PARAMETER name:this$0 index:1 type:com.poc.streamtester.tv.TVActivity
            VALUE_PARAMETER BOUND_VALUE_PARAMETER name:$context index:2 type:android.content.Context
            VALUE_PARAMETER name:$completion index:3 type:kotlin.coroutines.Continuation<com.poc.streamtester.tv.TVActivity.onCreate$lambda$1.<no name provided>>?
            BLOCK_BODY
              SET_FIELD 'FIELD FIELD_FOR_CAPTURED_VALUE name:$messenger type:kotlinx.coroutines.flow.MutableSharedFlow<kotlin.String?> visibility:public/*package*/ [final]' type=kotlin.Unit origin=INITIALIZER_OF_FIELD_FOR_CAPTURED_VALUE
                receiver: GET_VAR '<this>: com.poc.streamtester.tv.TVActivity.onCreate$lambda$1.<no name provided> declared in com.poc.streamtester.tv.TVActivity.onCreate$lambda$1.<no name provided>' type=com.poc.streamtester.tv.TVActivity.onCreate$lambda$1.<no name provided> origin=null
                value: GET_VAR '$messenger: kotlinx.coroutines.flow.MutableSharedFlow<kotlin.String?> declared in com.poc.streamtester.tv.TVActivity.onCreate$lambda$1.<no name provided>.<init>' type=kotlinx.coroutines.flow.MutableSharedFlow<kotlin.String?> origin=null
              SET_FIELD 'FIELD FIELD_FOR_CAPTURED_VALUE name:this$0 type:com.poc.streamtester.tv.TVActivity visibility:public/*package*/ [final]' type=kotlin.Unit origin=INITIALIZER_OF_FIELD_FOR_CAPTURED_VALUE
                receiver: GET_VAR '<this>: com.poc.streamtester.tv.TVActivity.onCreate$lambda$1.<no name provided> declared in com.poc.streamtester.tv.TVActivity.onCreate$lambda$1.<no name provided>' type=com.poc.streamtester.tv.TVActivity.onCreate$lambda$1.<no name provided> origin=null
                value: GET_VAR 'this$0: com.poc.streamtester.tv.TVActivity declared in com.poc.streamtester.tv.TVActivity.onCreate$lambda$1.<no name provided>.<init>' type=com.poc.streamtester.tv.TVActivity origin=null
              SET_FIELD 'FIELD FIELD_FOR_CAPTURED_VALUE name:$context type:android.content.Context visibility:public/*package*/ [final]' type=kotlin.Unit origin=INITIALIZER_OF_FIELD_FOR_CAPTURED_VALUE
                receiver: GET_VAR '<this>: com.poc.streamtester.tv.TVActivity.onCreate$lambda$1.<no name provided> declared in com.poc.streamtester.tv.TVActivity.onCreate$lambda$1.<no name provided>' type=com.poc.streamtester.tv.TVActivity.onCreate$lambda$1.<no name provided> origin=null
                value: GET_VAR '$context: android.content.Context declared in com.poc.streamtester.tv.TVActivity.onCreate$lambda$1.<no name provided>.<init>' type=android.content.Context origin=null
              DELEGATING_CONSTRUCTOR_CALL 'public constructor <init> (arity: kotlin.Int, $completion: kotlin.coroutines.Continuation<kotlin.Any?>?) declared in kotlin.coroutines.jvm.internal.SuspendLambda'
                arity: CONST Int type=kotlin.Int value=2
                $completion: GET_VAR '$completion: kotlin.coroutines.Continuation<com.poc.streamtester.tv.TVActivity.onCreate$lambda$1.<no name provided>>? declared in com.poc.streamtester.tv.TVActivity.onCreate$lambda$1.<no name provided>.<init>' type=kotlin.coroutines.Continuation<com.poc.streamtester.tv.TVActivity.onCreate$lambda$1.<no name provided>>? origin=null
              BLOCK type=kotlin.Unit origin=null
          FUN name:invokeSuspend visibility:public modality:FINAL <> ($this:com.poc.streamtester.tv.TVActivity.onCreate$lambda$1.<no name provided>, $result:kotlin.Result<kotlin.Any?>) returnType:kotlin.Any?
            overridden:
              protected abstract fun invokeSuspend ($result: kotlin.Result<kotlin.Any?>): kotlin.Any? declared in kotlin.coroutines.jvm.internal.SuspendLambda
            $this: VALUE_PARAMETER INSTANCE_RECEIVER name:<this> type:com.poc.streamtester.tv.TVActivity.onCreate$lambda$1.<no name provided>
            VALUE_PARAMETER name:$result index:0 type:kotlin.Result<kotlin.Any?>
            BLOCK_BODY
              BLOCK type=kotlin.Nothing origin=null
                CALL 'public abstract fun collect (collector: kotlinx.coroutines.flow.FlowCollector<T of kotlinx.coroutines.flow.MutableSharedFlow>, $completion: kotlin.coroutines.Continuation<kotlin.Nothing>): kotlin.Any? [suspend,fake_override] declared in kotlinx.coroutines.flow.MutableSharedFlow' type=kotlin.Nothing origin=null
                  $this: GET_FIELD 'FIELD FIELD_FOR_CAPTURED_VALUE name:$messenger type:kotlinx.coroutines.flow.MutableSharedFlow<kotlin.String?> visibility:public/*package*/ [final]' type=kotlinx.coroutines.flow.MutableSharedFlow<kotlin.String?> origin=null
                    receiver: GET_VAR '<this>: com.poc.streamtester.tv.TVActivity.onCreate$lambda$1.<no name provided> declared in com.poc.streamtester.tv.TVActivity.onCreate$lambda$1.<no name provided>.invokeSuspend' type=com.poc.streamtester.tv.TVActivity.onCreate$lambda$1.<no name provided> origin=null
                  collector: BLOCK type=com.poc.streamtester.tv.TVActivity.onCreate$lambda$1.<no name provided>.invokeSuspend.<no name provided><T of com.poc.streamtester.tv.TVActivity.onCreate$lambda$1.<no name provided>.invokeSuspend.<no name provided>> origin=null
                    CLASS LAMBDA_IMPL CLASS name:<no name provided> modality:FINAL visibility:public/*package*/ superTypes:[@[RawType] kotlinx.coroutines.flow.FlowCollector<T of kotlinx.coroutines.flow.FlowCollector>]
                      $this: VALUE_PARAMETER INSTANCE_RECEIVER name:<this> type:com.poc.streamtester.tv.TVActivity.onCreate$lambda$1.<no name provided>.invokeSuspend.<no name provided><T of com.poc.streamtester.tv.TVActivity.onCreate$lambda$1.<no name provided>.invokeSuspend.<no name provided>>
                      TYPE_PARAMETER name:T index:0 variance:in superTypes:[kotlin.Any?] reified:false
                      CONSTRUCTOR GENERATED_MEMBER_IN_CALLABLE_REFERENCE visibility:public/*package*/ <> (this$0:com.poc.streamtester.tv.TVActivity, $context:android.content.Context) returnType:com.poc.streamtester.tv.TVActivity.onCreate$lambda$1.<no name provided>.invokeSuspend.<no name provided><T of com.poc.streamtester.tv.TVActivity.onCreate$lambda$1.<no name provided>.invokeSuspend.<no name provided>> [primary]
                        VALUE_PARAMETER BOUND_RECEIVER_PARAMETER name:this$0 index:0 type:com.poc.streamtester.tv.TVActivity
                        VALUE_PARAMETER BOUND_VALUE_PARAMETER name:$context index:1 type:android.content.Context
                        BLOCK_BODY
                          SET_FIELD 'FIELD FIELD_FOR_CAPTURED_VALUE name:this$0 type:com.poc.streamtester.tv.TVActivity visibility:public/*package*/ [final]' type=kotlin.Unit origin=INITIALIZER_OF_FIELD_FOR_CAPTURED_VALUE
                            receiver: GET_VAR '<this>: com.poc.streamtester.tv.TVActivity.onCreate$lambda$1.<no name provided>.invokeSuspend.<no name provided><T of com.poc.streamtester.tv.TVActivity.onCreate$lambda$1.<no name provided>.invokeSuspend.<no name provided>> declared in com.poc.streamtester.tv.TVActivity.onCreate$lambda$1.<no name provided>.invokeSuspend.<no name provided>' type=com.poc.streamtester.tv.TVActivity.onCreate$lambda$1.<no name provided>.invokeSuspend.<no name provided><T of com.poc.streamtester.tv.TVActivity.onCreate$lambda$1.<no name provided>.invokeSuspend.<no name provided>> origin=null
                            value: GET_VAR 'this$0: com.poc.streamtester.tv.TVActivity declared in com.poc.streamtester.tv.TVActivity.onCreate$lambda$1.<no name provided>.invokeSuspend.<no name provided>.<init>' type=com.poc.streamtester.tv.TVActivity origin=null
                          SET_FIELD 'FIELD FIELD_FOR_CAPTURED_VALUE name:$context type:android.content.Context visibility:public/*package*/ [final]' type=kotlin.Unit origin=INITIALIZER_OF_FIELD_FOR_CAPTURED_VALUE
                            receiver: GET_VAR '<this>: com.poc.streamtester.tv.TVActivity.onCreate$lambda$1.<no name provided>.invokeSuspend.<no name provided><T of com.poc.streamtester.tv.TVActivity.onCreate$lambda$1.<no name provided>.invokeSuspend.<no name provided>> declared in com.poc.streamtester.tv.TVActivity.onCreate$lambda$1.<no name provided>.invokeSuspend.<no name provided>' type=com.poc.streamtester.tv.TVActivity.onCreate$lambda$1.<no name provided>.invokeSuspend.<no name provided><T of com.poc.streamtester.tv.TVActivity.onCreate$lambda$1.<no name provided>.invokeSuspend.<no name provided>> origin=null
                            value: GET_VAR '$context: android.content.Context declared in com.poc.streamtester.tv.TVActivity.onCreate$lambda$1.<no name provided>.invokeSuspend.<no name provided>.<init>' type=android.content.Context origin=null
                          DELEGATING_CONSTRUCTOR_CALL 'public constructor <init> () [primary] declared in kotlin.Any'
                          BLOCK type=kotlin.Unit origin=null
                      FUN name:emit visibility:public modality:FINAL <> ($this:com.poc.streamtester.tv.TVActivity.onCreate$lambda$1.<no name provided>.invokeSuspend.<no name provided><T of com.poc.streamtester.tv.TVActivity.onCreate$lambda$1.<no name provided>.invokeSuspend.<no name provided>>, message:kotlin.String?, $completion:kotlin.coroutines.Continuation<kotlin.Unit>) returnType:kotlin.Any? [suspend]
                        overridden:
                          public abstract fun emit (value: T of kotlinx.coroutines.flow.FlowCollector, $completion: kotlin.coroutines.Continuation<kotlin.Unit>): kotlin.Any? [suspend] declared in kotlinx.coroutines.flow.FlowCollector
                        $this: VALUE_PARAMETER INSTANCE_RECEIVER name:<this> type:com.poc.streamtester.tv.TVActivity.onCreate$lambda$1.<no name provided>.invokeSuspend.<no name provided><T of com.poc.streamtester.tv.TVActivity.onCreate$lambda$1.<no name provided>.invokeSuspend.<no name provided>>
                        VALUE_PARAMETER name:message index:0 type:kotlin.String?
                        VALUE_PARAMETER CONTINUATION_CLASS name:$completion index:1 type:kotlin.coroutines.Continuation<kotlin.Unit>
                        BLOCK_BODY
                          CLASS CONTINUATION_CLASS CLASS name:<Continuation> modality:FINAL visibility:public/*package*/ superTypes:[kotlin.coroutines.jvm.internal.ContinuationImpl]
                            $this: VALUE_PARAMETER INSTANCE_RECEIVER name:<this> type:com.poc.streamtester.tv.TVActivity.onCreate$lambda$1.<no name provided>.invokeSuspend.<no name provided>.emit.<Continuation>
                            FIELD CONTINUATION_CLASS_RESULT_FIELD name:result type:kotlin.Result<kotlin.Any?> visibility:public/*package*/
                            FIELD FIELD_FOR_OUTER_THIS name:this$0 type:com.poc.streamtester.tv.TVActivity.onCreate$lambda$1.<no name provided>.invokeSuspend.<no name provided><T of com.poc.streamtester.tv.TVActivity.onCreate$lambda$1.<no name provided>.invokeSuspend.<no name provided>> visibility:public/*package*/ [final]
                            FIELD name:label type:kotlin.Int visibility:public/*package*/
                            CONSTRUCTOR visibility:public/*package*/ <> (this$0:com.poc.streamtester.tv.TVActivity.onCreate$lambda$1.<no name provided>.invokeSuspend.<no name provided><T of com.poc.streamtester.tv.TVActivity.onCreate$lambda$1.<no name provided>.invokeSuspend.<no name provided>>, $completion:kotlin.coroutines.Continuation<com.poc.streamtester.tv.TVActivity.onCreate$lambda$1.<no name provided>.invokeSuspend.<no name provided>.emit.<Continuation>>?) returnType:com.poc.streamtester.tv.TVActivity.onCreate$lambda$1.<no name provided>.invokeSuspend.<no name provided>.emit.<Continuation> [primary]
                              VALUE_PARAMETER name:this$0 index:0 type:com.poc.streamtester.tv.TVActivity.onCreate$lambda$1.<no name provided>.invokeSuspend.<no name provided><T of com.poc.streamtester.tv.TVActivity.onCreate$lambda$1.<no name provided>.invokeSuspend.<no name provided>>
                              VALUE_PARAMETER name:$completion index:1 type:kotlin.coroutines.Continuation<com.poc.streamtester.tv.TVActivity.onCreate$lambda$1.<no name provided>.invokeSuspend.<no name provided>.emit.<Continuation>>?
                              BLOCK_BODY
                                SET_FIELD 'FIELD FIELD_FOR_OUTER_THIS name:this$0 type:com.poc.streamtester.tv.TVActivity.onCreate$lambda$1.<no name provided>.invokeSuspend.<no name provided><T of com.poc.streamtester.tv.TVActivity.onCreate$lambda$1.<no name provided>.invokeSuspend.<no name provided>> visibility:public/*package*/ [final]' type=kotlin.Unit origin=null
                                  receiver: GET_VAR '<this>: com.poc.streamtester.tv.TVActivity.onCreate$lambda$1.<no name provided>.invokeSuspend.<no name provided>.emit.<Continuation> declared in com.poc.streamtester.tv.TVActivity.onCreate$lambda$1.<no name provided>.invokeSuspend.<no name provided>.emit.<Continuation>' type=com.poc.streamtester.tv.TVActivity.onCreate$lambda$1.<no name provided>.invokeSuspend.<no name provided>.emit.<Continuation> origin=null
                                  value: GET_VAR 'this$0: com.poc.streamtester.tv.TVActivity.onCreate$lambda$1.<no name provided>.invokeSuspend.<no name provided><T of com.poc.streamtester.tv.TVActivity.onCreate$lambda$1.<no name provided>.invokeSuspend.<no name provided>> declared in com.poc.streamtester.tv.TVActivity.onCreate$lambda$1.<no name provided>.invokeSuspend.<no name provided>.emit.<Continuation>.<init>' type=com.poc.streamtester.tv.TVActivity.onCreate$lambda$1.<no name provided>.invokeSuspend.<no name provided><T of com.poc.streamtester.tv.TVActivity.onCreate$lambda$1.<no name provided>.invokeSuspend.<no name provided>> origin=null
                                DELEGATING_CONSTRUCTOR_CALL 'public constructor <init> ($completion: kotlin.coroutines.Continuation<kotlin.Any?>?) declared in kotlin.coroutines.jvm.internal.ContinuationImpl'
                                  $completion: GET_VAR '$completion: kotlin.coroutines.Continuation<com.poc.streamtester.tv.TVActivity.onCreate$lambda$1.<no name provided>.invokeSuspend.<no name provided>.emit.<Continuation>>? declared in com.poc.streamtester.tv.TVActivity.onCreate$lambda$1.<no name provided>.invokeSuspend.<no name provided>.emit.<Continuation>.<init>' type=kotlin.coroutines.Continuation<com.poc.streamtester.tv.TVActivity.onCreate$lambda$1.<no name provided>.invokeSuspend.<no name provided>.emit.<Continuation>>? origin=null
                            FUN name:invokeSuspend visibility:public modality:FINAL <> ($this:com.poc.streamtester.tv.TVActivity.onCreate$lambda$1.<no name provided>.invokeSuspend.<no name provided>.emit.<Continuation>, $result:kotlin.Result<kotlin.Any?>) returnType:kotlin.Any?
                              overridden:
                                public abstract fun invokeSuspend ($result: kotlin.Result<kotlin.Any?>): kotlin.Any? declared in kotlin.coroutines.jvm.internal.ContinuationImpl
                              $this: VALUE_PARAMETER INSTANCE_RECEIVER name:<this> type:com.poc.streamtester.tv.TVActivity.onCreate$lambda$1.<no name provided>.invokeSuspend.<no name provided>.emit.<Continuation>
                              VALUE_PARAMETER name:$result index:0 type:kotlin.Result<kotlin.Any?>
                              BLOCK_BODY
                                SET_FIELD 'FIELD CONTINUATION_CLASS_RESULT_FIELD name:result type:kotlin.Result<kotlin.Any?> visibility:public/*package*/' type=kotlin.Unit origin=null
                                  receiver: GET_VAR '<this>: com.poc.streamtester.tv.TVActivity.onCreate$lambda$1.<no name provided>.invokeSuspend.<no name provided>.emit.<Continuation> declared in com.poc.streamtester.tv.TVActivity.onCreate$lambda$1.<no name provided>.invokeSuspend.<no name provided>.emit.<Continuation>.invokeSuspend' type=com.poc.streamtester.tv.TVActivity.onCreate$lambda$1.<no name provided>.invokeSuspend.<no name provided>.emit.<Continuation> origin=null
                                  value: GET_VAR '$result: kotlin.Result<kotlin.Any?> declared in com.poc.streamtester.tv.TVActivity.onCreate$lambda$1.<no name provided>.invokeSuspend.<no name provided>.emit.<Continuation>.invokeSuspend' type=kotlin.Result<kotlin.Any?> origin=null
                                SET_FIELD 'FIELD name:label type:kotlin.Int visibility:public/*package*/' type=kotlin.Unit origin=null
                                  receiver: GET_VAR '<this>: com.poc.streamtester.tv.TVActivity.onCreate$lambda$1.<no name provided>.invokeSuspend.<no name provided>.emit.<Continuation> declared in com.poc.streamtester.tv.TVActivity.onCreate$lambda$1.<no name provided>.invokeSuspend.<no name provided>.emit.<Continuation>.invokeSuspend' type=com.poc.streamtester.tv.TVActivity.onCreate$lambda$1.<no name provided>.invokeSuspend.<no name provided>.emit.<Continuation> origin=null
                                  value: CALL 'public final fun or (other: kotlin.Int): kotlin.Int [infix] declared in kotlin.Int' type=kotlin.Int origin=null
                                    $this: GET_FIELD 'FIELD name:label type:kotlin.Int visibility:public/*package*/' type=kotlin.Int origin=null
                                      receiver: GET_VAR '<this>: com.poc.streamtester.tv.TVActivity.onCreate$lambda$1.<no name provided>.invokeSuspend.<no name provided>.emit.<Continuation> declared in com.poc.streamtester.tv.TVActivity.onCreate$lambda$1.<no name provided>.invokeSuspend.<no name provided>.emit.<Continuation>.invokeSuspend' type=com.poc.streamtester.tv.TVActivity.onCreate$lambda$1.<no name provided>.invokeSuspend.<no name provided>.emit.<Continuation> origin=null
                                    other: CONST Int type=kotlin.Int value=-2147483648
                                RETURN type=kotlin.Nothing from='public final fun invokeSuspend ($result: kotlin.Result<kotlin.Any?>): kotlin.Any? declared in com.poc.streamtester.tv.TVActivity.onCreate$lambda$1.<no name provided>.invokeSuspend.<no name provided>.emit.<Continuation>'
                                  CALL 'public final fun emit (message: kotlin.String?, $completion: kotlin.coroutines.Continuation<kotlin.Unit>): kotlin.Any? [suspend] declared in com.poc.streamtester.tv.TVActivity.onCreate$lambda$1.<no name provided>.invokeSuspend.<no name provided>' type=kotlin.Any? origin=null
                                    $this: GET_FIELD 'FIELD FIELD_FOR_OUTER_THIS name:this$0 type:com.poc.streamtester.tv.TVActivity.onCreate$lambda$1.<no name provided>.invokeSuspend.<no name provided><T of com.poc.streamtester.tv.TVActivity.onCreate$lambda$1.<no name provided>.invokeSuspend.<no name provided>> visibility:public/*package*/ [final]' type=com.poc.streamtester.tv.TVActivity.onCreate$lambda$1.<no name provided>.invokeSuspend.<no name provided><T of com.poc.streamtester.tv.TVActivity.onCreate$lambda$1.<no name provided>.invokeSuspend.<no name provided>> origin=null
                                      receiver: GET_VAR '<this>: com.poc.streamtester.tv.TVActivity.onCreate$lambda$1.<no name provided>.invokeSuspend.<no name provided>.emit.<Continuation> declared in com.poc.streamtester.tv.TVActivity.onCreate$lambda$1.<no name provided>.invokeSuspend.<no name provided>.emit.<Continuation>.invokeSuspend' type=com.poc.streamtester.tv.TVActivity.onCreate$lambda$1.<no name provided>.invokeSuspend.<no name provided>.emit.<Continuation> origin=null
                                    message: CONST Null type=kotlin.String? value=null
                                    $completion: GET_VAR '<this>: com.poc.streamtester.tv.TVActivity.onCreate$lambda$1.<no name provided>.invokeSuspend.<no name provided>.emit.<Continuation> declared in com.poc.streamtester.tv.TVActivity.onCreate$lambda$1.<no name provided>.invokeSuspend.<no name provided>.emit.<Continuation>.invokeSuspend' type=com.poc.streamtester.tv.TVActivity.onCreate$lambda$1.<no name provided>.invokeSuspend.<no name provided>.emit.<Continuation> origin=null
                          COMPOSITE type=kotlin.Unit origin=null
                            WHEN type=kotlin.Unit? origin=IF
                              BRANCH
                                if: CALL 'public final fun EQEQ (arg0: kotlin.Any?, arg1: kotlin.Any?): kotlin.Boolean declared in kotlin.internal.ir' type=kotlin.Boolean origin=EQEQ
                                  arg0: GET_VAR 'message: kotlin.String? declared in com.poc.streamtester.tv.TVActivity.onCreate$lambda$1.<no name provided>.invokeSuspend.<no name provided>.emit' type=kotlin.String? origin=null
                                  arg1: CONST Null type=kotlin.Nothing? value=null
                                then: BLOCK type=kotlin.Unit origin=null
                                  COMPOSITE type=kotlin.Unit origin=null
                                    BLOCK type=kotlin.Unit? origin=FOLDED_SAFE_CALL
                                      WHEN type=kotlin.Unit? origin=FOLDED_SAFE_CALL
                                        BRANCH
                                          if: COMPOSITE type=kotlin.Boolean origin=null
                                            VAR IR_TEMPORARY_VARIABLE name:tmp0_safe_receiver type:android.widget.Toast? [val]
                                              CALL 'public final fun access$getToast ($this: com.poc.streamtester.tv.TVActivity): android.widget.Toast? declared in com.poc.streamtester.tv.TVActivity' type=android.widget.Toast? origin=GET_PROPERTY
                                                $this: GET_FIELD 'FIELD FIELD_FOR_CAPTURED_VALUE name:this$0 type:com.poc.streamtester.tv.TVActivity visibility:public/*package*/ [final]' type=com.poc.streamtester.tv.TVActivity origin=null
                                                  receiver: GET_VAR '<this>: com.poc.streamtester.tv.TVActivity.onCreate$lambda$1.<no name provided>.invokeSuspend.<no name provided><T of com.poc.streamtester.tv.TVActivity.onCreate$lambda$1.<no name provided>.invokeSuspend.<no name provided>> declared in com.poc.streamtester.tv.TVActivity.onCreate$lambda$1.<no name provided>.invokeSuspend.<no name provided>.emit' type=com.poc.streamtester.tv.TVActivity.onCreate$lambda$1.<no name provided>.invokeSuspend.<no name provided><T of com.poc.streamtester.tv.TVActivity.onCreate$lambda$1.<no name provided>.invokeSuspend.<no name provided>> origin=null
                                            CALL 'public final fun not (): kotlin.Boolean [operator] declared in kotlin.Boolean' type=kotlin.Boolean origin=null
                                              $this: CALL 'public final fun EQEQ (arg0: kotlin.Any?, arg1: kotlin.Any?): kotlin.Boolean declared in kotlin.internal.ir' type=kotlin.Boolean origin=null
                                                arg0: GET_VAR 'val tmp0_safe_receiver: android.widget.Toast? [val] declared in com.poc.streamtester.tv.TVActivity.onCreate$lambda$1.<no name provided>.invokeSuspend.<no name provided>.emit' type=android.widget.Toast? origin=null
                                                arg1: CONST Null type=kotlin.Nothing? value=null
                                          then: CALL 'public open fun cancel (): kotlin.Unit declared in android.widget.Toast' type=kotlin.Unit origin=null
                                            $this: GET_VAR 'val tmp0_safe_receiver: android.widget.Toast? [val] declared in com.poc.streamtester.tv.TVActivity.onCreate$lambda$1.<no name provided>.invokeSuspend.<no name provided>.emit' type=android.widget.Toast? origin=null
                                        BRANCH
                                          if: CONST Boolean type=kotlin.Boolean value=true
                                          then: CONST Null type=kotlin.Nothing? value=null
                                  CALL 'public final fun access$setToast ($this: com.poc.streamtester.tv.TVActivity, <set-?>: android.widget.Toast?): kotlin.Unit declared in com.poc.streamtester.tv.TVActivity' type=kotlin.Unit origin=EQ
                                    $this: GET_FIELD 'FIELD FIELD_FOR_CAPTURED_VALUE name:this$0 type:com.poc.streamtester.tv.TVActivity visibility:public/*package*/ [final]' type=com.poc.streamtester.tv.TVActivity origin=null
                                      receiver: GET_VAR '<this>: com.poc.streamtester.tv.TVActivity.onCreate$lambda$1.<no name provided>.invokeSuspend.<no name provided><T of com.poc.streamtester.tv.TVActivity.onCreate$lambda$1.<no name provided>.invokeSuspend.<no name provided>> declared in com.poc.streamtester.tv.TVActivity.onCreate$lambda$1.<no name provided>.invokeSuspend.<no name provided>.emit' type=com.poc.streamtester.tv.TVActivity.onCreate$lambda$1.<no name provided>.invokeSuspend.<no name provided><T of com.poc.streamtester.tv.TVActivity.onCreate$lambda$1.<no name provided>.invokeSuspend.<no name provided>> origin=null
                                    <set-?>: CONST Null type=kotlin.Nothing? value=null
                                  RETURN type=kotlin.Nothing from='public final fun emit (message: kotlin.String?, $completion: kotlin.coroutines.Continuation<kotlin.Unit>): kotlin.Any? [suspend] declared in com.poc.streamtester.tv.TVActivity.onCreate$lambda$1.<no name provided>.invokeSuspend.<no name provided>'
                                    GET_FIELD 'FIELD FIELD_FOR_OBJECT_INSTANCE name:INSTANCE type:kotlin.Unit visibility:public [final,static]' type=kotlin.Unit origin=null
                              BRANCH
                                if: CONST Boolean type=kotlin.Boolean value=true
                                then: BLOCK type=kotlin.Unit? origin=null
                                  COMPOSITE type=kotlin.Unit origin=null
                                    BLOCK type=kotlin.Unit? origin=FOLDED_SAFE_CALL
                                      WHEN type=kotlin.Unit? origin=FOLDED_SAFE_CALL
                                        BRANCH
                                          if: COMPOSITE type=kotlin.Boolean origin=null
                                            VAR IR_TEMPORARY_VARIABLE name:tmp1_safe_receiver type:android.widget.Toast? [val]
                                              CALL 'public final fun access$getToast ($this: com.poc.streamtester.tv.TVActivity): android.widget.Toast? declared in com.poc.streamtester.tv.TVActivity' type=android.widget.Toast? origin=GET_PROPERTY
                                                $this: GET_FIELD 'FIELD FIELD_FOR_CAPTURED_VALUE name:this$0 type:com.poc.streamtester.tv.TVActivity visibility:public/*package*/ [final]' type=com.poc.streamtester.tv.TVActivity origin=null
                                                  receiver: GET_VAR '<this>: com.poc.streamtester.tv.TVActivity.onCreate$lambda$1.<no name provided>.invokeSuspend.<no name provided><T of com.poc.streamtester.tv.TVActivity.onCreate$lambda$1.<no name provided>.invokeSuspend.<no name provided>> declared in com.poc.streamtester.tv.TVActivity.onCreate$lambda$1.<no name provided>.invokeSuspend.<no name provided>.emit' type=com.poc.streamtester.tv.TVActivity.onCreate$lambda$1.<no name provided>.invokeSuspend.<no name provided><T of com.poc.streamtester.tv.TVActivity.onCreate$lambda$1.<no name provided>.invokeSuspend.<no name provided>> origin=null
                                            CALL 'public final fun not (): kotlin.Boolean [operator] declared in kotlin.Boolean' type=kotlin.Boolean origin=null
                                              $this: CALL 'public final fun EQEQ (arg0: kotlin.Any?, arg1: kotlin.Any?): kotlin.Boolean declared in kotlin.internal.ir' type=kotlin.Boolean origin=null
                                                arg0: GET_VAR 'val tmp1_safe_receiver: android.widget.Toast? [val] declared in com.poc.streamtester.tv.TVActivity.onCreate$lambda$1.<no name provided>.invokeSuspend.<no name provided>.emit' type=android.widget.Toast? origin=null
                                                arg1: CONST Null type=kotlin.Nothing? value=null
                                          then: CALL 'public open fun cancel (): kotlin.Unit declared in android.widget.Toast' type=kotlin.Unit origin=null
                                            $this: GET_VAR 'val tmp1_safe_receiver: android.widget.Toast? [val] declared in com.poc.streamtester.tv.TVActivity.onCreate$lambda$1.<no name provided>.invokeSuspend.<no name provided>.emit' type=android.widget.Toast? origin=null
                                        BRANCH
                                          if: CONST Boolean type=kotlin.Boolean value=true
                                          then: CONST Null type=kotlin.Nothing? value=null
                                  CALL 'public final fun access$setToast ($this: com.poc.streamtester.tv.TVActivity, <set-?>: android.widget.Toast?): kotlin.Unit declared in com.poc.streamtester.tv.TVActivity' type=kotlin.Unit origin=EQ
                                    $this: GET_FIELD 'FIELD FIELD_FOR_CAPTURED_VALUE name:this$0 type:com.poc.streamtester.tv.TVActivity visibility:public/*package*/ [final]' type=com.poc.streamtester.tv.TVActivity origin=null
                                      receiver: GET_VAR '<this>: com.poc.streamtester.tv.TVActivity.onCreate$lambda$1.<no name provided>.invokeSuspend.<no name provided><T of com.poc.streamtester.tv.TVActivity.onCreate$lambda$1.<no name provided>.invokeSuspend.<no name provided>> declared in com.poc.streamtester.tv.TVActivity.onCreate$lambda$1.<no name provided>.invokeSuspend.<no name provided>.emit' type=com.poc.streamtester.tv.TVActivity.onCreate$lambda$1.<no name provided>.invokeSuspend.<no name provided><T of com.poc.streamtester.tv.TVActivity.onCreate$lambda$1.<no name provided>.invokeSuspend.<no name provided>> origin=null
                                    <set-?>: CONST Null type=kotlin.Nothing? value=null
                                  CALL 'public final fun access$setToast ($this: com.poc.streamtester.tv.TVActivity, <set-?>: android.widget.Toast?): kotlin.Unit declared in com.poc.streamtester.tv.TVActivity' type=kotlin.Unit origin=EQ
                                    $this: GET_FIELD 'FIELD FIELD_FOR_CAPTURED_VALUE name:this$0 type:com.poc.streamtester.tv.TVActivity visibility:public/*package*/ [final]' type=com.poc.streamtester.tv.TVActivity origin=null
                                      receiver: GET_VAR '<this>: com.poc.streamtester.tv.TVActivity.onCreate$lambda$1.<no name provided>.invokeSuspend.<no name provided><T of com.poc.streamtester.tv.TVActivity.onCreate$lambda$1.<no name provided>.invokeSuspend.<no name provided>> declared in com.poc.streamtester.tv.TVActivity.onCreate$lambda$1.<no name provided>.invokeSuspend.<no name provided>.emit' type=com.poc.streamtester.tv.TVActivity.onCreate$lambda$1.<no name provided>.invokeSuspend.<no name provided><T of com.poc.streamtester.tv.TVActivity.onCreate$lambda$1.<no name provided>.invokeSuspend.<no name provided>> origin=null
                                    <set-?>: CALL 'public open fun makeText (p0: @[FlexibleNullability] android.content.Context?, p1: @[FlexibleNullability] kotlin.CharSequence?, p2: kotlin.Int): @[FlexibleNullability] android.widget.Toast? declared in android.widget.Toast' type=@[FlexibleNullability] android.widget.Toast? origin=null
                                      p0: GET_FIELD 'FIELD FIELD_FOR_CAPTURED_VALUE name:$context type:android.content.Context visibility:public/*package*/ [final]' type=android.content.Context origin=null
                                        receiver: GET_VAR '<this>: com.poc.streamtester.tv.TVActivity.onCreate$lambda$1.<no name provided>.invokeSuspend.<no name provided><T of com.poc.streamtester.tv.TVActivity.onCreate$lambda$1.<no name provided>.invokeSuspend.<no name provided>> declared in com.poc.streamtester.tv.TVActivity.onCreate$lambda$1.<no name provided>.invokeSuspend.<no name provided>.emit' type=com.poc.streamtester.tv.TVActivity.onCreate$lambda$1.<no name provided>.invokeSuspend.<no name provided><T of com.poc.streamtester.tv.TVActivity.onCreate$lambda$1.<no name provided>.invokeSuspend.<no name provided>> origin=null
                                      p1: GET_VAR 'message: kotlin.String? declared in com.poc.streamtester.tv.TVActivity.onCreate$lambda$1.<no name provided>.invokeSuspend.<no name provided>.emit' type=kotlin.String? origin=null
                                      p2: CONST Int type=kotlin.Int value=0
                                  COMPOSITE type=kotlin.Unit origin=null
                                    CALL 'public open fun d (p0: @[EnhancedNullability] kotlin.String?, p1: @[EnhancedNullability] kotlin.String): kotlin.Int declared in android.util.Log' type=kotlin.Int origin=null
                                      p0: CONST String type=kotlin.String value="TVActivity"
                                      p1: CALL 'public final fun toString (): kotlin.String declared in java.lang.StringBuilder' type=kotlin.String origin=null
                                        $this: CALL 'public final fun append (value: kotlin.String?): java.lang.StringBuilder declared in java.lang.StringBuilder' type=java.lang.StringBuilder origin=null
                                          $this: CALL 'public final fun append (value: kotlin.String?): java.lang.StringBuilder declared in java.lang.StringBuilder' type=java.lang.StringBuilder origin=null
                                            $this: CONSTRUCTOR_CALL 'public constructor <init> () declared in java.lang.StringBuilder' type=java.lang.StringBuilder origin=null
                                            value: CONST String type=kotlin.String value="Attempting to show toast: "
                                          value: GET_VAR 'message: kotlin.String? declared in com.poc.streamtester.tv.TVActivity.onCreate$lambda$1.<no name provided>.invokeSuspend.<no name provided>.emit' type=kotlin.String? origin=null
                                    COMPOSITE type=kotlin.Unit origin=null
                                  BLOCK type=kotlin.Unit? origin=FOLDED_SAFE_CALL
                                    WHEN type=kotlin.Unit? origin=FOLDED_SAFE_CALL
                                      BRANCH
                                        if: COMPOSITE type=kotlin.Boolean origin=null
                                          VAR IR_TEMPORARY_VARIABLE name:tmp2_safe_receiver type:android.widget.Toast? [val]
                                            CALL 'public final fun access$getToast ($this: com.poc.streamtester.tv.TVActivity): android.widget.Toast? declared in com.poc.streamtester.tv.TVActivity' type=android.widget.Toast? origin=GET_PROPERTY
                                              $this: GET_FIELD 'FIELD FIELD_FOR_CAPTURED_VALUE name:this$0 type:com.poc.streamtester.tv.TVActivity visibility:public/*package*/ [final]' type=com.poc.streamtester.tv.TVActivity origin=null
                                                receiver: GET_VAR '<this>: com.poc.streamtester.tv.TVActivity.onCreate$lambda$1.<no name provided>.invokeSuspend.<no name provided><T of com.poc.streamtester.tv.TVActivity.onCreate$lambda$1.<no name provided>.invokeSuspend.<no name provided>> declared in com.poc.streamtester.tv.TVActivity.onCreate$lambda$1.<no name provided>.invokeSuspend.<no name provided>.emit' type=com.poc.streamtester.tv.TVActivity.onCreate$lambda$1.<no name provided>.invokeSuspend.<no name provided><T of com.poc.streamtester.tv.TVActivity.onCreate$lambda$1.<no name provided>.invokeSuspend.<no name provided>> origin=null
                                          CALL 'public final fun not (): kotlin.Boolean [operator] declared in kotlin.Boolean' type=kotlin.Boolean origin=null
                                            $this: CALL 'public final fun EQEQ (arg0: kotlin.Any?, arg1: kotlin.Any?): kotlin.Boolean declared in kotlin.internal.ir' type=kotlin.Boolean origin=null
                                              arg0: GET_VAR 'val tmp2_safe_receiver: android.widget.Toast? [val] declared in com.poc.streamtester.tv.TVActivity.onCreate$lambda$1.<no name provided>.invokeSuspend.<no name provided>.emit' type=android.widget.Toast? origin=null
                                              arg1: CONST Null type=kotlin.Nothing? value=null
                                        then: CALL 'public open fun show (): kotlin.Unit declared in android.widget.Toast' type=kotlin.Unit origin=null
                                          $this: GET_VAR 'val tmp2_safe_receiver: android.widget.Toast? [val] declared in com.poc.streamtester.tv.TVActivity.onCreate$lambda$1.<no name provided>.invokeSuspend.<no name provided>.emit' type=android.widget.Toast? origin=null
                                      BRANCH
                                        if: CONST Boolean type=kotlin.Boolean value=true
                                        then: CONST Null type=kotlin.Nothing? value=null
                      FUN FAKE_OVERRIDE name:equals visibility:public modality:OPEN <> ($this:kotlin.Any, other:kotlin.Any?) returnType:kotlin.Boolean [fake_override,operator]
                        overridden:
                          public open fun equals (other: kotlin.Any?): kotlin.Boolean [fake_override,operator] declared in kotlinx.coroutines.flow.FlowCollector
                        $this: VALUE_PARAMETER name:<this> type:kotlin.Any
                        VALUE_PARAMETER name:other index:0 type:kotlin.Any?
                      FUN FAKE_OVERRIDE name:hashCode visibility:public modality:OPEN <> ($this:kotlin.Any) returnType:kotlin.Int [fake_override]
                        overridden:
                          public open fun hashCode (): kotlin.Int [fake_override] declared in kotlinx.coroutines.flow.FlowCollector
                        $this: VALUE_PARAMETER name:<this> type:kotlin.Any
                      FUN FAKE_OVERRIDE name:toString visibility:public modality:OPEN <> ($this:kotlin.Any) returnType:kotlin.String [fake_override]
                        overridden:
                          public open fun toString (): kotlin.String [fake_override] declared in kotlinx.coroutines.flow.FlowCollector
                        $this: VALUE_PARAMETER name:<this> type:kotlin.Any
                      FIELD FIELD_FOR_CAPTURED_VALUE name:this$0 type:com.poc.streamtester.tv.TVActivity visibility:public/*package*/ [final]
                      FIELD FIELD_FOR_CAPTURED_VALUE name:$context type:android.content.Context visibility:public/*package*/ [final]
                      FUN BRIDGE name:emit visibility:public modality:OPEN <> ($this:com.poc.streamtester.tv.TVActivity.onCreate$lambda$1.<no name provided>.invokeSuspend.<no name provided><T of com.poc.streamtester.tv.TVActivity.onCreate$lambda$1.<no name provided>.invokeSuspend.<no name provided>>, value:kotlin.Any?, $completion:kotlin.coroutines.Continuation<kotlin.Unit>) returnType:kotlin.Any? [suspend]
                        $this: VALUE_PARAMETER INSTANCE_RECEIVER name:<this> type:com.poc.streamtester.tv.TVActivity.onCreate$lambda$1.<no name provided>.invokeSuspend.<no name provided><T of com.poc.streamtester.tv.TVActivity.onCreate$lambda$1.<no name provided>.invokeSuspend.<no name provided>>
                        VALUE_PARAMETER BRIDGE name:value index:0 type:kotlin.Any?
                        VALUE_PARAMETER BRIDGE name:$completion index:1 type:kotlin.coroutines.Continuation<kotlin.Unit>
                        EXPRESSION_BODY
                          RETURN type=kotlin.Nothing from='public open fun emit (value: kotlin.Any?, $completion: kotlin.coroutines.Continuation<kotlin.Unit>): kotlin.Any? [suspend] declared in com.poc.streamtester.tv.TVActivity.onCreate$lambda$1.<no name provided>.invokeSuspend.<no name provided>'
                            CALL 'public final fun emit (message: kotlin.String?, $completion: kotlin.coroutines.Continuation<kotlin.Unit>): kotlin.Any? [suspend] declared in com.poc.streamtester.tv.TVActivity.onCreate$lambda$1.<no name provided>.invokeSuspend.<no name provided>' type=kotlin.Any? origin=BRIDGE_DELEGATION
                              $this: GET_VAR '<this>: com.poc.streamtester.tv.TVActivity.onCreate$lambda$1.<no name provided>.invokeSuspend.<no name provided><T of com.poc.streamtester.tv.TVActivity.onCreate$lambda$1.<no name provided>.invokeSuspend.<no name provided>> declared in com.poc.streamtester.tv.TVActivity.onCreate$lambda$1.<no name provided>.invokeSuspend.<no name provided>.emit' type=com.poc.streamtester.tv.TVActivity.onCreate$lambda$1.<no name provided>.invokeSuspend.<no name provided><T of com.poc.streamtester.tv.TVActivity.onCreate$lambda$1.<no name provided>.invokeSuspend.<no name provided>> origin=null
                              message: TYPE_OP type=kotlin.String origin=IMPLICIT_CAST typeOperand=kotlin.String
                                GET_VAR 'value: kotlin.Any? declared in com.poc.streamtester.tv.TVActivity.onCreate$lambda$1.<no name provided>.invokeSuspend.<no name provided>.emit' type=kotlin.Any? origin=null
                              $completion: TYPE_OP type=kotlin.coroutines.Continuation<*> origin=IMPLICIT_CAST typeOperand=kotlin.coroutines.Continuation<*>
                                GET_VAR '$completion: kotlin.coroutines.Continuation<kotlin.Unit> declared in com.poc.streamtester.tv.TVActivity.onCreate$lambda$1.<no name provided>.invokeSuspend.<no name provided>.emit' type=kotlin.coroutines.Continuation<kotlin.Unit> origin=null
                    CONSTRUCTOR_CALL 'public/*package*/ constructor <init> (this$0: com.poc.streamtester.tv.TVActivity, $context: android.content.Context) [primary] declared in com.poc.streamtester.tv.TVActivity.onCreate$lambda$1.<no name provided>.invokeSuspend.<no name provided>' type=com.poc.streamtester.tv.TVActivity.onCreate$lambda$1.<no name provided>.invokeSuspend.<no name provided><T of com.poc.streamtester.tv.TVActivity.onCreate$lambda$1.<no name provided>.invokeSuspend.<no name provided>> origin=null
                      <class: T>: <none>
                      this$0: GET_FIELD 'FIELD FIELD_FOR_CAPTURED_VALUE name:this$0 type:com.poc.streamtester.tv.TVActivity visibility:public/*package*/ [final]' type=com.poc.streamtester.tv.TVActivity origin=null
                        receiver: GET_VAR '<this>: com.poc.streamtester.tv.TVActivity.onCreate$lambda$1.<no name provided> declared in com.poc.streamtester.tv.TVActivity.onCreate$lambda$1.<no name provided>.invokeSuspend' type=com.poc.streamtester.tv.TVActivity.onCreate$lambda$1.<no name provided> origin=null
                      $context: GET_FIELD 'FIELD FIELD_FOR_CAPTURED_VALUE name:$context type:android.content.Context visibility:public/*package*/ [final]' type=android.content.Context origin=null
                        receiver: GET_VAR '<this>: com.poc.streamtester.tv.TVActivity.onCreate$lambda$1.<no name provided> declared in com.poc.streamtester.tv.TVActivity.onCreate$lambda$1.<no name provided>.invokeSuspend' type=com.poc.streamtester.tv.TVActivity.onCreate$lambda$1.<no name provided> origin=null
                  $completion: GET_VAR '<this>: com.poc.streamtester.tv.TVActivity.onCreate$lambda$1.<no name provided> declared in com.poc.streamtester.tv.TVActivity.onCreate$lambda$1.<no name provided>.invokeSuspend' type=com.poc.streamtester.tv.TVActivity.onCreate$lambda$1.<no name provided> origin=null
                CALL 'public final fun throwKotlinNothingValueException (): kotlin.Nothing declared in kotlin.jvm.internal.Intrinsics' type=kotlin.Nothing origin=null
          FUN name:create visibility:public modality:FINAL <> ($this:com.poc.streamtester.tv.TVActivity.onCreate$lambda$1.<no name provided>, value:kotlin.Any?, $completion:kotlin.coroutines.Continuation<kotlin.Nothing>) returnType:kotlin.coroutines.Continuation<kotlin.Unit>
            overridden:
              public open fun create (value: kotlin.Any?, $completion: kotlin.coroutines.Continuation<kotlin.Nothing>): kotlin.coroutines.Continuation<kotlin.Unit> declared in kotlin.coroutines.jvm.internal.SuspendLambda
            $this: VALUE_PARAMETER INSTANCE_RECEIVER name:<this> type:com.poc.streamtester.tv.TVActivity.onCreate$lambda$1.<no name provided>
            VALUE_PARAMETER name:value index:0 type:kotlin.Any?
            VALUE_PARAMETER name:$completion index:1 type:kotlin.coroutines.Continuation<kotlin.Nothing>
            BLOCK_BODY
              RETURN type=kotlin.Nothing from='public final fun create (value: kotlin.Any?, $completion: kotlin.coroutines.Continuation<kotlin.Nothing>): kotlin.coroutines.Continuation<kotlin.Unit> declared in com.poc.streamtester.tv.TVActivity.onCreate$lambda$1.<no name provided>'
                CONSTRUCTOR_CALL 'public/*package*/ constructor <init> ($messenger: kotlinx.coroutines.flow.MutableSharedFlow<kotlin.String?>, this$0: com.poc.streamtester.tv.TVActivity, $context: android.content.Context, $completion: kotlin.coroutines.Continuation<com.poc.streamtester.tv.TVActivity.onCreate$lambda$1.<no name provided>>?) [primary] declared in com.poc.streamtester.tv.TVActivity.onCreate$lambda$1.<no name provided>' type=com.poc.streamtester.tv.TVActivity.onCreate$lambda$1.<no name provided> origin=null
                  $messenger: GET_FIELD 'FIELD FIELD_FOR_CAPTURED_VALUE name:$messenger type:kotlinx.coroutines.flow.MutableSharedFlow<kotlin.String?> visibility:public/*package*/ [final]' type=kotlinx.coroutines.flow.MutableSharedFlow<kotlin.String?> origin=null
                    receiver: GET_VAR '<this>: com.poc.streamtester.tv.TVActivity.onCreate$lambda$1.<no name provided> declared in com.poc.streamtester.tv.TVActivity.onCreate$lambda$1.<no name provided>.create' type=com.poc.streamtester.tv.TVActivity.onCreate$lambda$1.<no name provided> origin=null
                  this$0: GET_FIELD 'FIELD FIELD_FOR_CAPTURED_VALUE name:this$0 type:com.poc.streamtester.tv.TVActivity visibility:public/*package*/ [final]' type=com.poc.streamtester.tv.TVActivity origin=null
                    receiver: GET_VAR '<this>: com.poc.streamtester.tv.TVActivity.onCreate$lambda$1.<no name provided> declared in com.poc.streamtester.tv.TVActivity.onCreate$lambda$1.<no name provided>.create' type=com.poc.streamtester.tv.TVActivity.onCreate$lambda$1.<no name provided> origin=null
                  $context: GET_FIELD 'FIELD FIELD_FOR_CAPTURED_VALUE name:$context type:android.content.Context visibility:public/*package*/ [final]' type=android.content.Context origin=null
                    receiver: GET_VAR '<this>: com.poc.streamtester.tv.TVActivity.onCreate$lambda$1.<no name provided> declared in com.poc.streamtester.tv.TVActivity.onCreate$lambda$1.<no name provided>.create' type=com.poc.streamtester.tv.TVActivity.onCreate$lambda$1.<no name provided> origin=null
                  $completion: GET_VAR '$completion: kotlin.coroutines.Continuation<kotlin.Nothing> declared in com.poc.streamtester.tv.TVActivity.onCreate$lambda$1.<no name provided>.create' type=kotlin.coroutines.Continuation<kotlin.Nothing> origin=null
          FUN name:invoke visibility:public modality:FINAL <> ($this:com.poc.streamtester.tv.TVActivity.onCreate$lambda$1.<no name provided>, p1:kotlinx.coroutines.CoroutineScope, p2:kotlin.coroutines.Continuation<kotlin.Unit>?) returnType:kotlin.Any?
            overridden:
              public abstract fun invoke (p1: P1 of kotlin.jvm.functions.Function2, p2: P2 of kotlin.jvm.functions.Function2): R of kotlin.jvm.functions.Function2 declared in kotlin.jvm.functions.Function2
            $this: VALUE_PARAMETER INSTANCE_RECEIVER name:<this> type:com.poc.streamtester.tv.TVActivity.onCreate$lambda$1.<no name provided>
            VALUE_PARAMETER name:p1 index:0 type:kotlinx.coroutines.CoroutineScope
            VALUE_PARAMETER name:p2 index:1 type:kotlin.coroutines.Continuation<kotlin.Unit>?
            BLOCK_BODY
              RETURN type=kotlin.Nothing from='public final fun invoke (p1: kotlinx.coroutines.CoroutineScope, p2: kotlin.coroutines.Continuation<kotlin.Unit>?): kotlin.Any? declared in com.poc.streamtester.tv.TVActivity.onCreate$lambda$1.<no name provided>'
                CALL 'public final fun invokeSuspend ($result: kotlin.Result<kotlin.Any?>): kotlin.Any? declared in com.poc.streamtester.tv.TVActivity.onCreate$lambda$1.<no name provided>' type=kotlin.Any? origin=null
                  $this: TYPE_OP type=com.poc.streamtester.tv.TVActivity.onCreate$lambda$1.<no name provided> origin=IMPLICIT_CAST typeOperand=com.poc.streamtester.tv.TVActivity.onCreate$lambda$1.<no name provided>
                    CALL 'public final fun create (value: kotlin.Any?, $completion: kotlin.coroutines.Continuation<kotlin.Nothing>): kotlin.coroutines.Continuation<kotlin.Unit> declared in com.poc.streamtester.tv.TVActivity.onCreate$lambda$1.<no name provided>' type=kotlin.coroutines.Continuation<kotlin.Unit> origin=null
                      $this: GET_VAR '<this>: com.poc.streamtester.tv.TVActivity.onCreate$lambda$1.<no name provided> declared in com.poc.streamtester.tv.TVActivity.onCreate$lambda$1.<no name provided>.invoke' type=com.poc.streamtester.tv.TVActivity.onCreate$lambda$1.<no name provided> origin=null
                      value: GET_VAR 'p1: kotlinx.coroutines.CoroutineScope declared in com.poc.streamtester.tv.TVActivity.onCreate$lambda$1.<no name provided>.invoke' type=kotlinx.coroutines.CoroutineScope origin=null
                      $completion: GET_VAR 'p2: kotlin.coroutines.Continuation<kotlin.Unit>? declared in com.poc.streamtester.tv.TVActivity.onCreate$lambda$1.<no name provided>.invoke' type=kotlin.coroutines.Continuation<kotlin.Unit>? origin=null
                  $result: CALL 'public final fun <unsafe-coerce> <T, R> (v: T of kotlin.jvm.internal.<unsafe-coerce>): R of kotlin.jvm.internal.<unsafe-coerce> declared in kotlin.jvm.internal' type=kotlin.Result<kotlin.Any?> origin=null
                    <T>: kotlin.Any?
                    <R>: kotlin.Result<kotlin.Any?>
                    v: GET_FIELD 'FIELD FIELD_FOR_OBJECT_INSTANCE name:INSTANCE type:kotlin.Unit visibility:public [final,static]' type=kotlin.Unit origin=null
          FIELD FIELD_FOR_CAPTURED_VALUE name:$messenger type:kotlinx.coroutines.flow.MutableSharedFlow<kotlin.String?> visibility:public/*package*/ [final]
          FIELD FIELD_FOR_CAPTURED_VALUE name:this$0 type:com.poc.streamtester.tv.TVActivity visibility:public/*package*/ [final]
          FIELD FIELD_FOR_CAPTURED_VALUE name:$context type:android.content.Context visibility:public/*package*/ [final]
          FUN BRIDGE name:invoke visibility:public modality:OPEN <> ($this:com.poc.streamtester.tv.TVActivity.onCreate$lambda$1.<no name provided>, p1:kotlin.Any?, p2:kotlin.Any?) returnType:kotlin.Any?
            $this: VALUE_PARAMETER INSTANCE_RECEIVER name:<this> type:com.poc.streamtester.tv.TVActivity.onCreate$lambda$1.<no name provided>
            VALUE_PARAMETER BRIDGE name:p1 index:0 type:kotlin.Any?
            VALUE_PARAMETER BRIDGE name:p2 index:1 type:kotlin.Any?
            EXPRESSION_BODY
              RETURN type=kotlin.Nothing from='public open fun invoke (p1: kotlin.Any?, p2: kotlin.Any?): kotlin.Any? declared in com.poc.streamtester.tv.TVActivity.onCreate$lambda$1.<no name provided>'
                CALL 'public final fun invoke (p1: kotlinx.coroutines.CoroutineScope, p2: kotlin.coroutines.Continuation<kotlin.Unit>?): kotlin.Any? declared in com.poc.streamtester.tv.TVActivity.onCreate$lambda$1.<no name provided>' type=kotlin.Any? origin=BRIDGE_DELEGATION
                  $this: GET_VAR '<this>: com.poc.streamtester.tv.TVActivity.onCreate$lambda$1.<no name provided> declared in com.poc.streamtester.tv.TVActivity.onCreate$lambda$1.<no name provided>.invoke' type=com.poc.streamtester.tv.TVActivity.onCreate$lambda$1.<no name provided> origin=null
                  p1: TYPE_OP type=kotlinx.coroutines.CoroutineScope origin=IMPLICIT_CAST typeOperand=kotlinx.coroutines.CoroutineScope
                    GET_VAR 'p1: kotlin.Any? declared in com.poc.streamtester.tv.TVActivity.onCreate$lambda$1.<no name provided>.invoke' type=kotlin.Any? origin=null
                  p2: TYPE_OP type=kotlin.coroutines.Continuation<*> origin=IMPLICIT_CAST typeOperand=kotlin.coroutines.Continuation<*>
                    GET_VAR 'p2: kotlin.Any? declared in com.poc.streamtester.tv.TVActivity.onCreate$lambda$1.<no name provided>.invoke' type=kotlin.Any? origin=null
        CONSTRUCTOR_CALL 'public/*package*/ constructor <init> ($messenger: kotlinx.coroutines.flow.MutableSharedFlow<kotlin.String?>, this$0: com.poc.streamtester.tv.TVActivity, $context: android.content.Context, $completion: kotlin.coroutines.Continuation<com.poc.streamtester.tv.TVActivity.onCreate$lambda$1.<no name provided>>?) [primary] declared in com.poc.streamtester.tv.TVActivity.onCreate$lambda$1.<no name provided>' type=com.poc.streamtester.tv.TVActivity.onCreate$lambda$1.<no name provided> origin=null
          $messenger: GET_VAR 'val messenger: kotlinx.coroutines.flow.MutableSharedFlow<kotlin.String?> [val] declared in com.poc.streamtester.tv.TVActivity.onCreate$lambda$1' type=kotlinx.coroutines.flow.MutableSharedFlow<kotlin.String?> origin=null
          this$0: GET_VAR 'this$0: com.poc.streamtester.tv.TVActivity declared in com.poc.streamtester.tv.TVActivity.onCreate$lambda$1' type=com.poc.streamtester.tv.TVActivity origin=null
          $context: GET_VAR 'val context: android.content.Context [val] declared in com.poc.streamtester.tv.TVActivity.onCreate$lambda$1' type=android.content.Context origin=null
          $completion: CONST Null type=kotlin.Nothing? value=null
    CALL 'public final fun ExplorationScreen$default (viewModel: com.poc.streamtester.tv.ui.screens.ExplorationScreenViewModel, modifier: androidx.compose.ui.Modifier?, $mask0: kotlin.Int, $handler: kotlin.Any?): kotlin.Unit declared in com.poc.streamtester.tv.ui.screens.ExplorationScreenKt' type=kotlin.Unit origin=DEFAULT_DISPATCH_CALL
      viewModel: CALL 'private final fun <get-viewModel> (): com.poc.streamtester.tv.ui.screens.ExplorationScreenViewModel declared in com.poc.streamtester.tv.TVActivity' type=com.poc.streamtester.tv.ui.screens.ExplorationScreenViewModel origin=GET_PROPERTY
        $this: GET_VAR 'this$0: com.poc.streamtester.tv.TVActivity declared in com.poc.streamtester.tv.TVActivity.onCreate$lambda$1' type=com.poc.streamtester.tv.TVActivity origin=null
      modifier: COMPOSITE type=androidx.compose.ui.Modifier? origin=DEFAULT_VALUE
        CONST Null type=androidx.compose.ui.Modifier? value=null
      $mask0: CONST Int type=kotlin.Int value=2
      $handler: CONST Null type=kotlin.Any? value=null

	at org.jetbrains.kotlin.backend.jvm.codegen.FunctionCodegen.generate(FunctionCodegen.kt:50)
	at org.jetbrains.kotlin.backend.jvm.codegen.FunctionCodegen.generate$default(FunctionCodegen.kt:42)
	at org.jetbrains.kotlin.backend.jvm.codegen.ClassCodegen.generateMethodNode(ClassCodegen.kt:385)
	at org.jetbrains.kotlin.backend.jvm.codegen.ClassCodegen.generateMethod(ClassCodegen.kt:402)
	at org.jetbrains.kotlin.backend.jvm.codegen.ClassCodegen.generate(ClassCodegen.kt:169)
	at org.jetbrains.kotlin.backend.jvm.FileCodegen.lower(JvmPhases.kt:41)
	at org.jetbrains.kotlin.backend.common.phaser.PhaseBuildersKt.makeIrFilePhase$lambda$5(PhaseBuilders.kt:114)
	at org.jetbrains.kotlin.backend.common.phaser.PhaseBuildersKt$createSimpleNamedCompilerPhase$1.phaseBody(PhaseBuilders.kt:71)
	at org.jetbrains.kotlin.backend.common.phaser.SimpleNamedCompilerPhase.phaseBody(CompilerPhase.kt:226)
	at org.jetbrains.kotlin.backend.common.phaser.AbstractNamedCompilerPhase.invoke(CompilerPhase.kt:113)
	at org.jetbrains.kotlin.backend.common.phaser.PerformByIrFilePhase.invokeSequential(performByIrFile.kt:62)
	... 45 more
Caused by: org.jetbrains.kotlin.codegen.CompilationException: Back-end (JVM) Internal error: Couldn't inline method call: CALL 'public final fun remember <T> (calculation: @[DisallowComposableCalls] kotlin.Function0<T of androidx.compose.runtime.ComposablesKt.remember>): T of androidx.compose.runtime.ComposablesKt.remember [inline] declared in androidx.compose.runtime.ComposablesKt' type=kotlinx.coroutines.flow.MutableSharedFlow<kotlin.String?> origin=null
Method: null
File is unknown
The root cause java.lang.IllegalStateException was thrown at: org.jetbrains.kotlin.codegen.inline.SourceCompilerForInlineKt.getMethodNode(SourceCompilerForInline.kt:118)
	at org.jetbrains.kotlin.codegen.inline.InlineCodegen.performInline(InlineCodegen.kt:65)
	at org.jetbrains.kotlin.backend.jvm.codegen.IrInlineCodegen.genInlineCall(IrInlineCodegen.kt:162)
	at org.jetbrains.kotlin.backend.jvm.codegen.IrInlineCallGenerator.genCall(IrInlineCallGenerator.kt:36)
	at org.jetbrains.kotlin.backend.jvm.codegen.ExpressionCodegen.visitCall(ExpressionCodegen.kt:647)
	at org.jetbrains.kotlin.backend.jvm.codegen.ExpressionCodegen.visitCall(ExpressionCodegen.kt:137)
	at org.jetbrains.kotlin.ir.expressions.IrCall.accept(IrCall.kt:24)
	at org.jetbrains.kotlin.backend.jvm.codegen.ExpressionCodegen.visitVariable(ExpressionCodegen.kt:784)
	at org.jetbrains.kotlin.backend.jvm.codegen.ExpressionCodegen.visitVariable(ExpressionCodegen.kt:137)
	at org.jetbrains.kotlin.ir.declarations.IrVariable.accept(IrVariable.kt:36)
	at org.jetbrains.kotlin.backend.jvm.codegen.ExpressionCodegen.visitStatementContainer(ExpressionCodegen.kt:573)
	at org.jetbrains.kotlin.backend.jvm.codegen.ExpressionCodegen.visitBlockBody(ExpressionCodegen.kt:578)
	at org.jetbrains.kotlin.backend.jvm.codegen.ExpressionCodegen.visitBlockBody(ExpressionCodegen.kt:137)
	at org.jetbrains.kotlin.ir.expressions.IrBlockBody.accept(IrBlockBody.kt:20)
	at org.jetbrains.kotlin.backend.jvm.codegen.ExpressionCodegen.generate(ExpressionCodegen.kt:239)
	at org.jetbrains.kotlin.backend.jvm.codegen.FunctionCodegen.doGenerate(FunctionCodegen.kt:121)
	at org.jetbrains.kotlin.backend.jvm.codegen.FunctionCodegen.generate(FunctionCodegen.kt:46)
	... 55 more
Caused by: java.lang.IllegalStateException: couldn't find inline method Landroidx/compose/runtime/ComposablesKt;.remember(Lkotlin/jvm/functions/Function0;)Ljava/lang/Object;
	at org.jetbrains.kotlin.codegen.inline.SourceCompilerForInlineKt.getMethodNode(SourceCompilerForInline.kt:118)
	at org.jetbrains.kotlin.codegen.inline.SourceCompilerForInlineKt.loadCompiledInlineFunction(SourceCompilerForInline.kt:96)
	at org.jetbrains.kotlin.backend.jvm.codegen.IrSourceCompilerForInline.compileInlineFunction(IrSourceCompilerForInline.kt:91)
	at org.jetbrains.kotlin.codegen.inline.InlineCodegen.compileInline(InlineCodegen.kt:43)
	at org.jetbrains.kotlin.codegen.inline.InlineCodegen.performInline(InlineCodegen.kt:51)
	... 70 more


